build/app/intermediates/manifest_merge_blame_file/debug/manifest-merger-blame-debug-report.txt
1<?xml version="1.0" encoding="utf-8"?>
2<manifest xmlns:android="http://schemas.android.com/apk/res/android"
3    package="com.example.dao"
4    android:versionCode="15"
5    android:versionName="11.0" >
6
7    <uses-sdk
8        android:minSdkVersion="21"
9        android:targetSdkVersion="30" />
10    <!--
11         Flutter needs it to communicate with the running application
12         to allow setting breakpoints, to provide hot reload, etc.
13    -->
14    <uses-permission android:name="android.permission.INTERNET" />
14-->src\main\AndroidManifest.xml:9:5-67
14-->src\main\AndroidManifest.xml:9:22-64
15    <uses-permission android:name="android.permission.ACCESS_NETWORK_STATE" />
15-->[com.google.firebase:firebase-auth:21.2.0] AndroidManifest.xml:26:5-79
15-->[com.google.firebase:firebase-auth:21.2.0] AndroidManifest.xml:26:22-76
16
17    <uses-feature
17-->[com.google.android.gms:play-services-maps:18.1.0] AndroidManifest.xml:26:5-28:35
18        android:glEsVersion="0x00020000"
18-->[com.google.android.gms:play-services-maps:18.1.0] AndroidManifest.xml:27:9-41
19        android:required="true" />
19-->[com.google.android.gms:play-services-maps:18.1.0] AndroidManifest.xml:28:9-32
20
21    <queries>
21-->[com.google.android.gms:play-services-maps:18.1.0] AndroidManifest.xml:30:5-34:15
22
23        <!-- Needs to be explicitly declared on Android R+ -->
24        <package android:name="com.google.android.apps.maps" />
24-->[com.google.android.gms:play-services-maps:18.1.0] AndroidManifest.xml:33:9-64
24-->[com.google.android.gms:play-services-maps:18.1.0] AndroidManifest.xml:33:18-61
25    </queries>
26
27    <permission
27-->[androidx.core:core:1.9.0] AndroidManifest.xml:22:5-24:47
28        android:name="com.example.dao.DYNAMIC_RECEIVER_NOT_EXPORTED_PERMISSION"
28-->[androidx.core:core:1.9.0] AndroidManifest.xml:23:9-81
29        android:protectionLevel="signature" />
29-->[androidx.core:core:1.9.0] AndroidManifest.xml:24:9-44
30
31    <uses-permission android:name="com.example.dao.DYNAMIC_RECEIVER_NOT_EXPORTED_PERMISSION" />
31-->[androidx.core:core:1.9.0] AndroidManifest.xml:26:5-97
31-->[androidx.core:core:1.9.0] AndroidManifest.xml:26:22-94
32
33    <application
34        android:name="io.flutter.app.FlutterMultiDexApplication"
35        android:appComponentFactory="androidx.core.app.CoreComponentFactory"
35-->[androidx.core:core:1.9.0] AndroidManifest.xml:28:18-86
36        android:debuggable="true"
37        android:icon="@mipmap/logo"
38        android:label="DAO" >
39        <meta-data
40            android:name="com.google.android.gms.version"
41            android:value="@integer/google_play_services_version" />
42
43        <!-- Place your Google Map API KEY here at value -->
44        <meta-data
45            android:name="com.google.android.geo.API_KEY"
46            android:value="" />
47
48        <activity
49            android:name="com.example.UIKit.MainActivity"
50            android:configChanges="orientation|keyboardHidden|keyboard|screenSize|smallestScreenSize|locale|layoutDirection|fontScale|screenLayout|density|uiMode"
51            android:hardwareAccelerated="true"
52            android:launchMode="singleTop"
53            android:theme="@style/LaunchTheme"
54            android:windowSoftInputMode="adjustResize" >
55
56            <!--
57                 Specifies an Android theme to apply to this Activity as soon as
58                 the Android process has started. This theme is visible to the user
59                 while the Flutter UI initializes. After that, this theme continues
60                 to determine the Window background behind the Flutter UI.
61            -->
62            <meta-data
63                android:name="io.flutter.embedding.android.NormalTheme"
64                android:resource="@style/NormalTheme" />
65            <!--
66                 Displays an Android View that continues showing the launch screen
67                 Drawable until Flutter paints its first frame, then this splash
68                 screen fades out. A splash screen is useful to avoid any visual
69                 gap between the end of Android's launch screen and the painting of
70                 Flutter's first frame.
71            -->
72            <meta-data
73                android:name="io.flutter.embedding.android.SplashScreenDrawable"
74                android:resource="@drawable/launch_background" />
75
76            <intent-filter>
77                <action android:name="android.intent.action.MAIN" />
78
79                <category android:name="android.intent.category.LAUNCHER" />
80            </intent-filter>
81        </activity>
82        <!--
83             Don't delete the meta-data below.
84             This is used by the Flutter tool to generate GeneratedPluginRegistrant.java
85        -->
86        <meta-data
87            android:name="flutterEmbedding"
88            android:value="2" />
89
90        <service
90-->[:firebase_auth] AndroidManifest.xml:8:9-12:19
91            android:name="com.google.firebase.components.ComponentDiscoveryService"
91-->[:firebase_auth] AndroidManifest.xml:8:18-89
92            android:directBootAware="true"
92-->[com.google.firebase:firebase-common:20.3.2] AndroidManifest.xml:34:13-43
93            android:exported="false" >
93-->[com.google.firebase:firebase-auth:21.2.0] AndroidManifest.xml:68:13-37
94            <meta-data
94-->[:firebase_auth] AndroidManifest.xml:9:13-11:85
95                android:name="com.google.firebase.components:io.flutter.plugins.firebase.auth.FlutterFirebaseAuthRegistrar"
95-->[:firebase_auth] AndroidManifest.xml:10:17-124
96                android:value="com.google.firebase.components.ComponentRegistrar" />
96-->[:firebase_auth] AndroidManifest.xml:11:17-82
97            <meta-data
97-->[:firebase_storage] AndroidManifest.xml:9:13-11:85
98                android:name="com.google.firebase.components:io.flutter.plugins.firebase.storage.FlutterFirebaseAppRegistrar"
98-->[:firebase_storage] AndroidManifest.xml:10:17-126
99                android:value="com.google.firebase.components.ComponentRegistrar" />
99-->[:firebase_storage] AndroidManifest.xml:11:17-82
100            <meta-data
100-->[:cloud_firestore] AndroidManifest.xml:9:13-11:85
101                android:name="com.google.firebase.components:io.flutter.plugins.firebase.firestore.FlutterFirebaseFirestoreRegistrar"
101-->[:cloud_firestore] AndroidManifest.xml:10:17-134
102                android:value="com.google.firebase.components.ComponentRegistrar" />
102-->[:cloud_firestore] AndroidManifest.xml:11:17-82
103            <meta-data
103-->[:firebase_core] AndroidManifest.xml:9:13-11:85
104                android:name="com.google.firebase.components:io.flutter.plugins.firebase.core.FlutterFirebaseCoreRegistrar"
104-->[:firebase_core] AndroidManifest.xml:10:17-124
105                android:value="com.google.firebase.components.ComponentRegistrar" />
105-->[:firebase_core] AndroidManifest.xml:11:17-82
106            <meta-data
106-->[com.google.firebase:firebase-auth:21.2.0] AndroidManifest.xml:69:13-71:85
107                android:name="com.google.firebase.components:com.google.firebase.auth.FirebaseAuthRegistrar"
107-->[com.google.firebase:firebase-auth:21.2.0] AndroidManifest.xml:70:17-109
108                android:value="com.google.firebase.components.ComponentRegistrar" />
108-->[com.google.firebase:firebase-auth:21.2.0] AndroidManifest.xml:71:17-82
109            <meta-data
109-->[com.google.firebase:firebase-storage:20.1.0] AndroidManifest.xml:32:13-34:85
110                android:name="com.google.firebase.components:com.google.firebase.storage.StorageRegistrar"
110-->[com.google.firebase:firebase-storage:20.1.0] AndroidManifest.xml:33:17-107
111                android:value="com.google.firebase.components.ComponentRegistrar" />
111-->[com.google.firebase:firebase-storage:20.1.0] AndroidManifest.xml:34:17-82
112            <meta-data
112-->[com.google.firebase:firebase-firestore:24.4.5] AndroidManifest.xml:19:13-21:85
113                android:name="com.google.firebase.components:com.google.firebase.firestore.FirestoreRegistrar"
113-->[com.google.firebase:firebase-firestore:24.4.5] AndroidManifest.xml:20:17-111
114                android:value="com.google.firebase.components.ComponentRegistrar" />
114-->[com.google.firebase:firebase-firestore:24.4.5] AndroidManifest.xml:21:17-82
115        </service>
116
117        <provider
117-->[:image_picker_android] AndroidManifest.xml:8:9-16:20
118            android:name="io.flutter.plugins.imagepicker.ImagePickerFileProvider"
118-->[:image_picker_android] AndroidManifest.xml:9:13-82
119            android:authorities="com.example.dao.flutter.image_provider"
119-->[:image_picker_android] AndroidManifest.xml:10:13-74
120            android:exported="false"
120-->[:image_picker_android] AndroidManifest.xml:11:13-37
121            android:grantUriPermissions="true" >
121-->[:image_picker_android] AndroidManifest.xml:12:13-47
122            <meta-data
122-->[:image_picker_android] AndroidManifest.xml:13:13-15:75
123                android:name="android.support.FILE_PROVIDER_PATHS"
123-->[:image_picker_android] AndroidManifest.xml:14:17-67
124                android:resource="@xml/flutter_image_picker_file_paths" />
124-->[:image_picker_android] AndroidManifest.xml:15:17-72
125        </provider>
126
127        <activity
127-->[:url_launcher_android] AndroidManifest.xml:8:9-11:74
128            android:name="io.flutter.plugins.urllauncher.WebViewActivity"
128-->[:url_launcher_android] AndroidManifest.xml:9:13-74
129            android:exported="false"
129-->[:url_launcher_android] AndroidManifest.xml:10:13-37
130            android:theme="@android:style/Theme.NoTitleBar.Fullscreen" />
130-->[:url_launcher_android] AndroidManifest.xml:11:13-71
131        <activity
131-->[com.google.firebase:firebase-auth:21.2.0] AndroidManifest.xml:29:9-46:20
132            android:name="com.google.firebase.auth.internal.GenericIdpActivity"
132-->[com.google.firebase:firebase-auth:21.2.0] AndroidManifest.xml:30:13-80
133            android:excludeFromRecents="true"
133-->[com.google.firebase:firebase-auth:21.2.0] AndroidManifest.xml:31:13-46
134            android:exported="true"
134-->[com.google.firebase:firebase-auth:21.2.0] AndroidManifest.xml:32:13-36
135            android:launchMode="singleTask"
135-->[com.google.firebase:firebase-auth:21.2.0] AndroidManifest.xml:33:13-44
136            android:theme="@android:style/Theme.Translucent.NoTitleBar" >
136-->[com.google.firebase:firebase-auth:21.2.0] AndroidManifest.xml:34:13-72
137            <intent-filter>
137-->[com.google.firebase:firebase-auth:21.2.0] AndroidManifest.xml:35:13-45:29
138                <action android:name="android.intent.action.VIEW" />
138-->[com.google.firebase:firebase-auth:21.2.0] AndroidManifest.xml:36:17-69
138-->[com.google.firebase:firebase-auth:21.2.0] AndroidManifest.xml:36:25-66
139
140                <category android:name="android.intent.category.DEFAULT" />
140-->[com.google.firebase:firebase-auth:21.2.0] AndroidManifest.xml:38:17-76
140-->[com.google.firebase:firebase-auth:21.2.0] AndroidManifest.xml:38:27-73
141                <category android:name="android.intent.category.BROWSABLE" />
141-->[com.google.firebase:firebase-auth:21.2.0] AndroidManifest.xml:39:17-78
141-->[com.google.firebase:firebase-auth:21.2.0] AndroidManifest.xml:39:27-75
142
143                <data
143-->[com.google.firebase:firebase-auth:21.2.0] AndroidManifest.xml:41:17-44:51
144                    android:host="firebase.auth"
144-->[com.google.firebase:firebase-auth:21.2.0] AndroidManifest.xml:42:21-49
145                    android:path="/"
145-->[com.google.firebase:firebase-auth:21.2.0] AndroidManifest.xml:43:21-37
146                    android:scheme="genericidp" />
146-->[com.google.firebase:firebase-auth:21.2.0] AndroidManifest.xml:44:21-48
147            </intent-filter>
148        </activity>
149        <activity
149-->[com.google.firebase:firebase-auth:21.2.0] AndroidManifest.xml:47:9-64:20
150            android:name="com.google.firebase.auth.internal.RecaptchaActivity"
150-->[com.google.firebase:firebase-auth:21.2.0] AndroidManifest.xml:48:13-79
151            android:excludeFromRecents="true"
151-->[com.google.firebase:firebase-auth:21.2.0] AndroidManifest.xml:49:13-46
152            android:exported="true"
152-->[com.google.firebase:firebase-auth:21.2.0] AndroidManifest.xml:50:13-36
153            android:launchMode="singleTask"
153-->[com.google.firebase:firebase-auth:21.2.0] AndroidManifest.xml:51:13-44
154            android:theme="@android:style/Theme.Translucent.NoTitleBar" >
154-->[com.google.firebase:firebase-auth:21.2.0] AndroidManifest.xml:52:13-72
155            <intent-filter>
155-->[com.google.firebase:firebase-auth:21.2.0] AndroidManifest.xml:53:13-63:29
156                <action android:name="android.intent.action.VIEW" />
156-->[com.google.firebase:firebase-auth:21.2.0] AndroidManifest.xml:36:17-69
156-->[com.google.firebase:firebase-auth:21.2.0] AndroidManifest.xml:36:25-66
157
158                <category android:name="android.intent.category.DEFAULT" />
158-->[com.google.firebase:firebase-auth:21.2.0] AndroidManifest.xml:38:17-76
158-->[com.google.firebase:firebase-auth:21.2.0] AndroidManifest.xml:38:27-73
159                <category android:name="android.intent.category.BROWSABLE" />
159-->[com.google.firebase:firebase-auth:21.2.0] AndroidManifest.xml:39:17-78
159-->[com.google.firebase:firebase-auth:21.2.0] AndroidManifest.xml:39:27-75
160
161                <data
161-->[com.google.firebase:firebase-auth:21.2.0] AndroidManifest.xml:41:17-44:51
162                    android:host="firebase.auth"
162-->[com.google.firebase:firebase-auth:21.2.0] AndroidManifest.xml:42:21-49
163                    android:path="/"
163-->[com.google.firebase:firebase-auth:21.2.0] AndroidManifest.xml:43:21-37
164                    android:scheme="recaptcha" />
164-->[com.google.firebase:firebase-auth:21.2.0] AndroidManifest.xml:44:21-48
165            </intent-filter>
166        </activity> <!-- Needs to be explicitly declared on P+ -->
167        <uses-library
167-->[com.google.android.gms:play-services-maps:18.1.0] AndroidManifest.xml:39:9-41:40
168            android:name="org.apache.http.legacy"
168-->[com.google.android.gms:play-services-maps:18.1.0] AndroidManifest.xml:40:13-50
169            android:required="false" />
169-->[com.google.android.gms:play-services-maps:18.1.0] AndroidManifest.xml:41:13-37
170
171        <activity
171-->[com.google.android.gms:play-services-auth:20.4.1] AndroidManifest.xml:23:9-27:75
172            android:name="com.google.android.gms.auth.api.signin.internal.SignInHubActivity"
172-->[com.google.android.gms:play-services-auth:20.4.1] AndroidManifest.xml:24:13-93
173            android:excludeFromRecents="true"
173-->[com.google.android.gms:play-services-auth:20.4.1] AndroidManifest.xml:25:13-46
174            android:exported="false"
174-->[com.google.android.gms:play-services-auth:20.4.1] AndroidManifest.xml:26:13-37
175            android:theme="@android:style/Theme.Translucent.NoTitleBar" />
175-->[com.google.android.gms:play-services-auth:20.4.1] AndroidManifest.xml:27:13-72
176        <!--
177            Service handling Google Sign-In user revocation. For apps that do not integrate with
178            Google Sign-In, this service will never be started.
179        -->
180        <service
180-->[com.google.android.gms:play-services-auth:20.4.1] AndroidManifest.xml:33:9-37:51
181            android:name="com.google.android.gms.auth.api.signin.RevocationBoundService"
181-->[com.google.android.gms:play-services-auth:20.4.1] AndroidManifest.xml:34:13-89
182            android:exported="true"
182-->[com.google.android.gms:play-services-auth:20.4.1] AndroidManifest.xml:35:13-36
183            android:permission="com.google.android.gms.auth.api.signin.permission.REVOCATION_NOTIFICATION"
183-->[com.google.android.gms:play-services-auth:20.4.1] AndroidManifest.xml:36:13-107
184            android:visibleToInstantApps="true" />
184-->[com.google.android.gms:play-services-auth:20.4.1] AndroidManifest.xml:37:13-48
185
186        <provider
186-->[com.google.firebase:firebase-common:20.3.2] AndroidManifest.xml:25:9-30:39
187            android:name="com.google.firebase.provider.FirebaseInitProvider"
187-->[com.google.firebase:firebase-common:20.3.2] AndroidManifest.xml:26:13-77
188            android:authorities="com.example.dao.firebaseinitprovider"
188-->[com.google.firebase:firebase-common:20.3.2] AndroidManifest.xml:27:13-72
189            android:directBootAware="true"
189-->[com.google.firebase:firebase-common:20.3.2] AndroidManifest.xml:28:13-43
190            android:exported="false"
190-->[com.google.firebase:firebase-common:20.3.2] AndroidManifest.xml:29:13-37
191            android:initOrder="100" />
191-->[com.google.firebase:firebase-common:20.3.2] AndroidManifest.xml:30:13-36
192
193        <activity
193-->[com.google.android.gms:play-services-base:18.0.1] AndroidManifest.xml:20:9-22:45
194            android:name="com.google.android.gms.common.api.GoogleApiActivity"
194-->[com.google.android.gms:play-services-base:18.0.1] AndroidManifest.xml:20:19-85
195            android:exported="false"
195-->[com.google.android.gms:play-services-base:18.0.1] AndroidManifest.xml:22:19-43
196            android:theme="@android:style/Theme.Translucent.NoTitleBar" />
196-->[com.google.android.gms:play-services-base:18.0.1] AndroidManifest.xml:21:19-78
197
198        <uses-library
198-->[androidx.window:window:1.0.0-beta04] AndroidManifest.xml:25:9-27:40
199            android:name="androidx.window.extensions"
199-->[androidx.window:window:1.0.0-beta04] AndroidManifest.xml:26:13-54
200            android:required="false" />
200-->[androidx.window:window:1.0.0-beta04] AndroidManifest.xml:27:13-37
201        <uses-library
201-->[androidx.window:window:1.0.0-beta04] AndroidManifest.xml:28:9-30:40
202            android:name="androidx.window.sidecar"
202-->[androidx.window:window:1.0.0-beta04] AndroidManifest.xml:29:13-51
203            android:required="false" />
203-->[androidx.window:window:1.0.0-beta04] AndroidManifest.xml:30:13-37
204    </application>
205
206</manifest>